<?xml version="1.0" encoding="UTF-8" ?>
<testsuite errors="0" failures="0" hostname="DESKTOP-H5KR5MS" name="MemberCardTest" skipped="0" tests="7" time="0.079" timestamp="2020-12-01T09:53:33">
  <properties>
    <property name="libs.spring-framework300.classpath" value="D:\Apache-NetBean\NetBeans-12.0\netbeans\platform\modules\org-apache-commons-logging.jar;D:\Apache-NetBean\NetBeans-12.0\netbeans\java\modules\ext\cglib-2.2.jar;D:\Apache-NetBean\NetBeans-12.0\netbeans\java\modules\ext\spring-3.0\spring-aop-3.2.18.RELEASE.jar;D:\Apache-NetBean\NetBeans-12.0\netbeans\java\modules\ext\spring-3.0\spring-aspects-3.2.18.RELEASE.jar;D:\Apache-NetBean\NetBeans-12.0\netbeans\java\modules\ext\spring-3.0\spring-beans-3.2.18.RELEASE.jar;D:\Apache-NetBean\NetBeans-12.0\netbeans\java\modules\ext\spring-3.0\spring-context-3.2.18.RELEASE.jar;D:\Apache-NetBean\NetBeans-12.0\netbeans\java\modules\ext\spring-3.0\spring-context-support-3.2.18.RELEASE.jar;D:\Apache-NetBean\NetBeans-12.0\netbeans\java\modules\ext\spring-3.0\spring-core-3.2.18.RELEASE.jar;D:\Apache-NetBean\NetBeans-12.0\netbeans\java\modules\ext\spring-3.0\spring-expression-3.2.18.RELEASE.jar;D:\Apache-NetBean\NetBeans-12.0\netbeans\java\modules\ext\spring-3.0\spring-instrument-3.2.18.RELEASE.jar;D:\Apache-NetBean\NetBeans-12.0\netbeans\java\modules\ext\spring-3.0\spring-instrument-tomcat-3.2.18.RELEASE.jar;D:\Apache-NetBean\NetBeans-12.0\netbeans\java\modules\ext\spring-3.0\spring-jdbc-3.2.18.RELEASE.jar;D:\Apache-NetBean\NetBeans-12.0\netbeans\java\modules\ext\spring-3.0\spring-jms-3.2.18.RELEASE.jar;D:\Apache-NetBean\NetBeans-12.0\netbeans\java\modules\ext\spring-3.0\spring-orm-3.2.18.RELEASE.jar;D:\Apache-NetBean\NetBeans-12.0\netbeans\java\modules\ext\spring-3.0\spring-oxm-3.2.18.RELEASE.jar;D:\Apache-NetBean\NetBeans-12.0\netbeans\java\modules\ext\spring-3.0\spring-struts-3.2.18.RELEASE.jar;D:\Apache-NetBean\NetBeans-12.0\netbeans\java\modules\ext\spring-3.0\spring-test-3.2.18.RELEASE.jar;D:\Apache-NetBean\NetBeans-12.0\netbeans\java\modules\ext\spring-3.0\spring-tx-3.2.18.RELEASE.jar;D:\Apache-NetBean\NetBeans-12.0\netbeans\java\modules\ext\spring-3.0\spring-web-3.2.18.RELEASE.jar;D:\Apache-NetBean\NetBeans-12.0\netbeans\java\modules\ext\spring-3.0\spring-webmvc-3.2.18.RELEASE.jar;D:\Apache-NetBean\NetBeans-12.0\netbeans\java\modules\ext\spring-3.0\spring-webmvc-portlet-3.2.18.RELEASE.jar" />
    <property name="libs.javaee-api-6.0.classpath" value="D:\Apache-NetBean\NetBeans-12.0\netbeans\enterprise\modules\ext\javaee-api-6.0.jar" />
    <property name="javac.test.classpath" value=":build/classes:D:\Apache-NetBean\NetBeans-12.0\netbeans\platform\modules\ext\junit-4.12.jar:D:\Apache-NetBean\NetBeans-12.0\netbeans\platform\modules\ext\hamcrest-core-1.3.jar" />
    <property name="javac.includesfile.binary" value="C:\Users\ADMIN\Desktop\LabTest\MemberCard\MemberCardProject\null477475150" />
    <property name="libs.javaee-api-7.0.classpath" value="D:\Apache-NetBean\NetBeans-12.0\netbeans\enterprise\modules\ext\javaee-api-7.0.jar" />
    <property name="java.specification.version" value="14" />
    <property name="sun.cpu.isalist" value="amd64" />
    <property name="libs.restapi.maven-pom" value="" />
    <property name="jar.index.metainf" value="false" />
    <property name="libs.spring-framework500.classpath" value="D:\Apache-NetBean\NetBeans-12.0\netbeans\platform\modules\org-apache-commons-logging.jar;D:\Apache-NetBean\NetBeans-12.0\netbeans\java\modules\ext\cglib-2.2.jar;D:\Apache-NetBean\NetBeans-12.0\netbeans\java\modules\ext\spring-5\spring-aop-5.2.2.RELEASE.jar;D:\Apache-NetBean\NetBeans-12.0\netbeans\java\modules\ext\spring-5\spring-aspects-5.2.2.RELEASE.jar;D:\Apache-NetBean\NetBeans-12.0\netbeans\java\modules\ext\spring-5\spring-beans-5.2.2.RELEASE.jar;D:\Apache-NetBean\NetBeans-12.0\netbeans\java\modules\ext\spring-5\spring-context-5.2.2.RELEASE.jar;D:\Apache-NetBean\NetBeans-12.0\netbeans\java\modules\ext\spring-5\spring-context-indexer-5.2.2.RELEASE.jar;D:\Apache-NetBean\NetBeans-12.0\netbeans\java\modules\ext\spring-5\spring-context-support-5.2.2.RELEASE.jar;D:\Apache-NetBean\NetBeans-12.0\netbeans\java\modules\ext\spring-5\spring-core-5.2.2.RELEASE.jar;D:\Apache-NetBean\NetBeans-12.0\netbeans\java\modules\ext\spring-5\spring-expression-5.2.2.RELEASE.jar;D:\Apache-NetBean\NetBeans-12.0\netbeans\java\modules\ext\spring-5\spring-instrument-5.2.2.RELEASE.jar;D:\Apache-NetBean\NetBeans-12.0\netbeans\java\modules\ext\spring-5\spring-jcl-5.2.2.RELEASE.jar;D:\Apache-NetBean\NetBeans-12.0\netbeans\java\modules\ext\spring-5\spring-jdbc-5.2.2.RELEASE.jar;D:\Apache-NetBean\NetBeans-12.0\netbeans\java\modules\ext\spring-5\spring-jms-5.2.2.RELEASE.jar;D:\Apache-NetBean\NetBeans-12.0\netbeans\java\modules\ext\spring-5\spring-messaging-5.2.2.RELEASE.jar;D:\Apache-NetBean\NetBeans-12.0\netbeans\java\modules\ext\spring-5\spring-orm-5.2.2.RELEASE.jar;D:\Apache-NetBean\NetBeans-12.0\netbeans\java\modules\ext\spring-5\spring-oxm-5.2.2.RELEASE.jar;D:\Apache-NetBean\NetBeans-12.0\netbeans\java\modules\ext\spring-5\spring-test-5.2.2.RELEASE.jar;D:\Apache-NetBean\NetBeans-12.0\netbeans\java\modules\ext\spring-5\spring-tx-5.2.2.RELEASE.jar;D:\Apache-NetBean\NetBeans-12.0\netbeans\java\modules\ext\spring-5\spring-web-5.2.2.RELEASE.jar;D:\Apache-NetBean\NetBeans-12.0\netbeans\java\modules\ext\spring-5\spring-webflux-5.2.2.RELEASE.jar;D:\Apache-NetBean\NetBeans-12.0\netbeans\java\modules\ext\spring-5\spring-webmvc-5.2.2.RELEASE.jar;D:\Apache-NetBean\NetBeans-12.0\netbeans\java\modules\ext\spring-5\spring-websocket-5.2.2.RELEASE.jar" />
    <property name="do.depend" value="false" />
    <property name="javadoc.preview" value="true" />
    <property name="libs.spring-webmvc4.0.javadoc" value="" />
    <property name="libs.spring-framework400.classpath" value="D:\Apache-NetBean\NetBeans-12.0\netbeans\platform\modules\org-apache-commons-logging.jar;D:\Apache-NetBean\NetBeans-12.0\netbeans\java\modules\ext\cglib-2.2.jar;D:\Apache-NetBean\NetBeans-12.0\netbeans\java\modules\ext\spring-4\spring-aop-4.3.25.RELEASE.jar;D:\Apache-NetBean\NetBeans-12.0\netbeans\java\modules\ext\spring-4\spring-aspects-4.3.25.RELEASE.jar;D:\Apache-NetBean\NetBeans-12.0\netbeans\java\modules\ext\spring-4\spring-beans-4.3.25.RELEASE.jar;D:\Apache-NetBean\NetBeans-12.0\netbeans\java\modules\ext\spring-4\spring-context-4.3.25.RELEASE.jar;D:\Apache-NetBean\NetBeans-12.0\netbeans\java\modules\ext\spring-4\spring-context-support-4.3.25.RELEASE.jar;D:\Apache-NetBean\NetBeans-12.0\netbeans\java\modules\ext\spring-4\spring-core-4.3.25.RELEASE.jar;D:\Apache-NetBean\NetBeans-12.0\netbeans\java\modules\ext\spring-4\spring-expression-4.3.25.RELEASE.jar;D:\Apache-NetBean\NetBeans-12.0\netbeans\java\modules\ext\spring-4\spring-instrument-4.3.25.RELEASE.jar;D:\Apache-NetBean\NetBeans-12.0\netbeans\java\modules\ext\spring-4\spring-instrument-tomcat-4.3.25.RELEASE.jar;D:\Apache-NetBean\NetBeans-12.0\netbeans\java\modules\ext\spring-4\spring-jdbc-4.3.25.RELEASE.jar;D:\Apache-NetBean\NetBeans-12.0\netbeans\java\modules\ext\spring-4\spring-jms-4.3.25.RELEASE.jar;D:\Apache-NetBean\NetBeans-12.0\netbeans\java\modules\ext\spring-4\spring-messaging-4.3.25.RELEASE.jar;D:\Apache-NetBean\NetBeans-12.0\netbeans\java\modules\ext\spring-4\spring-orm-4.3.25.RELEASE.jar;D:\Apache-NetBean\NetBeans-12.0\netbeans\java\modules\ext\spring-4\spring-oxm-4.3.25.RELEASE.jar;D:\Apache-NetBean\NetBeans-12.0\netbeans\java\modules\ext\spring-4\spring-test-4.3.25.RELEASE.jar;D:\Apache-NetBean\NetBeans-12.0\netbeans\java\modules\ext\spring-4\spring-tx-4.3.25.RELEASE.jar;D:\Apache-NetBean\NetBeans-12.0\netbeans\java\modules\ext\spring-4\spring-web-4.3.25.RELEASE.jar;D:\Apache-NetBean\NetBeans-12.0\netbeans\java\modules\ext\spring-4\spring-webmvc-4.3.25.RELEASE.jar;D:\Apache-NetBean\NetBeans-12.0\netbeans\java\modules\ext\spring-4\spring-webmvc-portlet-4.3.25.RELEASE.jar;D:\Apache-NetBean\NetBeans-12.0\netbeans\java\modules\ext\spring-4\spring-websocket-4.3.25.RELEASE.jar" />
    <property name="sun.arch.data.model" value="64" />
    <property name="test.binaryincludes" value="&lt;nothing&gt;" />
    <property name="nb.show.statistics.ui" value="usageStatisticsEnabled" />
    <property name="debug-transport" value="dt_shmem" />
    <property name="libs.javaee-endorsed-api-7.0.src" value="" />
    <property name="libs.javaee-web-api-8.0.src" value="" />
    <property name="java.vendor.url" value="https://java.oracle.com/" />
    <property name="annotation.processing.enabled" value="true" />
    <property name="libs.junit_5.src" value="D:\Apache-NetBean\NetBeans-12.0\netbeans\platform\docs\junit-jupiter-api-5.6.0-sources.jar;D:\Apache-NetBean\NetBeans-12.0\netbeans\platform\docs\junit-jupiter-params-5.6.0-sources.jar;D:\Apache-NetBean\NetBeans-12.0\netbeans\platform\docs\junit-jupiter-engine-5.6.0-sources.jar" />
    <property name="libs.jaxb.classpath" value="D:\Apache-NetBean\NetBeans-12.0\netbeans\ide\modules\ext\jaxb\jaxb-impl.jar;D:\Apache-NetBean\NetBeans-12.0\netbeans\ide\modules\ext\jaxb\jaxb-xjc.jar;D:\Apache-NetBean\NetBeans-12.0\netbeans\ide\modules\ext\jaxb\jaxb1-impl.jar;D:\Apache-NetBean\NetBeans-12.0\netbeans\ide\modules\ext\jaxb\activation.jar;D:\Apache-NetBean\NetBeans-12.0\netbeans\ide\modules\ext\jaxb\api\jaxb-api.jar" />
    <property name="debug.modulepath" value="" />
    <property name="libs.jsp-compilation.src" value="" />
    <property name="libs.javaee-api-8.0.classpath" value="D:\Apache-NetBean\NetBeans-12.0\netbeans\enterprise\modules\ext\javaee-api-8.0.jar" />
    <property name="libs.eclipselink.javadoc" value="D:\Apache-NetBean\NetBeans-12.0\netbeans\java\modules\ext\docs\javax.persistence-2.1.0-doc.zip" />
    <property name="libs.JWSAntTasks.javadoc" value="" />
    <property name="sun.boot.library.path" value="D:\JAVA 8.2\bin" />
    <property name="libs.CopyLibs.src" value="" />
    <property name="sun.java.command" value="org.apache.tools.ant.taskdefs.optional.junit.JUnitTestRunner MemberCardTest skipNonTests=false filtertrace=true haltOnError=false haltOnFailure=false showoutput=true outputtoformatters=true logfailedtests=true threadid=0 logtestlistenerevents=true formatter=org.apache.tools.ant.taskdefs.optional.junit.BriefJUnitResultFormatter formatter=org.apache.tools.ant.taskdefs.optional.junit.XMLJUnitResultFormatter,C:\Users\ADMIN\Desktop\LabTest\MemberCard\MemberCardProject\build\test\results\TEST-MemberCardTest.xml crashfile=C:\Users\ADMIN\Desktop\LabTest\MemberCard\MemberCardProject\build\junitvmwatcher11446046714408539087.properties propsfile=C:\Users\ADMIN\Desktop\LabTest\MemberCard\MemberCardProject\build\junit8651613706611121322.properties" />
    <property name="jdk.debug" value="release" />
    <property name="ant.file.MemberCardProject-impl" value="C:\Users\ADMIN\Desktop\LabTest\MemberCard\MemberCardProject\nbproject\build-impl.xml" />
    <property name="libs.spring-framework300.src" value="" />
    <property name="java.specification.vendor" value="Oracle Corporation" />
    <property name="javac.source" value="1.8" />
    <property name="javadoc.use" value="true" />
    <property name="libs.javac-api.maven-pom" value="" />
    <property name="javadoc.notree" value="false" />
    <property name="java.version.date" value="2020-07-14" />
    <property name="java.home" value="D:\JAVA 8.2" />
    <property name="basedir" value="C:\Users\ADMIN\Desktop\LabTest\MemberCard\MemberCardProject" />
    <property name="work.dir" value="C:\Users\ADMIN\Desktop\LabTest\MemberCard\MemberCardProject" />
    <property name="javac.test.compilerargs" value="" />
    <property name="jna.boot.library.name" value="jnidispatch-nb" />
    <property name="java.vm.specification.vendor" value="Oracle Corporation" />
    <property name="java.specification.name" value="Java Platform API Specification" />
    <property name="libs.PostgreSQLDriver.classpath" value="D:\Apache-NetBean\NetBeans-12.0\netbeans\ide\modules\ext\postgresql-42.2.10.jar" />
    <property name="libs.javac-api.javadoc" value="" />
    <property name="libs.spring-webmvc3.0.javadoc" value="" />
    <property name="libs.JAXB-ENDORSED.src" value="" />
    <property name="libs.jsf20.classpath" value="D:\Apache-NetBean\NetBeans-12.0\netbeans\enterprise\modules\ext\jsf-2_2\javax.faces.jar" />
    <property name="netbeans.extbrowser.manual_chrome_plugin_install" value="yes" />
    <property name="manifest.encoding" value="UTF-8" />
    <property name="user.script" value="" />
    <property name="netbeans.default_userdir_root" value="C:\Users\ADMIN\AppData\Roaming\NetBeans" />
    <property name="libs.spring-framework500.javadoc" value="" />
    <property name="libs.spring-framework400.src" value="" />
    <property name="sun.management.compiler" value="HotSpot 64-Bit Tiered Compilers" />
    <property name="libs.jsp-compilation-syscp.src" value="" />
    <property name="run.test.modulepath" value="" />
    <property name="jdk.home" value="D:\JAVA 8.2" />
    <property name="java.runtime.version" value="14.0.2+12-46" />
    <property name="libs.maven-dependencies.src" value="" />
    <property name="libs.eclipselink.maven-pom" value="" />
    <property name="libs.javaee-web-api-6.0.classpath" value="D:\Apache-NetBean\NetBeans-12.0\netbeans\enterprise\modules\ext\javaee-web-api-6.0.jar" />
    <property name="libs.metro.maven-pom" value="" />
    <property name="libs.jsp-compiler.javadoc" value="" />
    <property name="libs.JAXB-ENDORSED.javadoc" value="" />
    <property name="debug.test.modulepath" value="" />
    <property name="libs.javaee-web-api-7.0.classpath" value="D:\Apache-NetBean\NetBeans-12.0\netbeans\enterprise\modules\ext\javaee-web-api-7.0.jar" />
    <property name="file.encoding" value="Cp1252" />
    <property name="sun.java2d.noddraw" value="true" />
    <property name="sun.zip.disableMemoryMapping" value="true" />
    <property name="java.util.logging.config.class" value="org.netbeans.core.startup.TopLogging" />
    <property name="libs.maven-dependencies.maven-pom" value="" />
    <property name="jnidispatch.path" value="C:\Users\ADMIN\AppData\Local\Temp\jna-62130991\jna8966364532490527666.dll" />
    <property name="libs.jsf12.src" value="" />
    <property name="https.nonProxyHosts" value="localhost|127.0.0.1|DESKTOP-H5KR5MS" />
    <property name="libs.primefaces.javadoc" value="" />
    <property name="libs.jsp-compilation.javadoc" value="" />
    <property name="libs.groovy-all.maven-pom" value="" />
    <property name="libs.restlib.javadoc" value="" />
    <property name="libs.restapi.src" value="" />
    <property name="libs.junit_5.javadoc" value="D:\Apache-NetBean\NetBeans-12.0\netbeans\platform\docs\junit-jupiter-api-5.6.0-javadoc.jar;D:\Apache-NetBean\NetBeans-12.0\netbeans\platform\docs\junit-jupiter-params-5.6.0-javadoc.jar;D:\Apache-NetBean\NetBeans-12.0\netbeans\platform\docs\junit-jupiter-engine-5.6.0-javadoc.jar" />
    <property name="dist.archive.excludes" value="" />
    <property name="libs.absolutelayout.classpath" value="D:\Apache-NetBean\NetBeans-12.0\netbeans\java\modules\ext\AbsoluteLayout.jar" />
    <property name="java.io.tmpdir" value="C:\Users\ADMIN\AppData\Local\Temp\" />
    <property name="do.archive" value="true" />
    <property name="java.version" value="14.0.2" />
    <property name="libs.struts.maven-pom" value="" />
    <property name="java.vm.specification.name" value="Java Virtual Machine Specification" />
    <property name="built-jar.properties" value="C:\Users\ADMIN\Desktop\LabTest\MemberCard\MemberCardProject\build\built-jar.properties" />
    <property name="nb.native.filechooser" value="false" />
    <property name="libs.testng.src" value="" />
    <property name="java.library.path" value="D:\JAVA 8.2\bin;C:\WINDOWS\Sun\Java\bin;C:\WINDOWS\system32;C:\WINDOWS;C:\Program Files (x86)\Common Files\Oracle\Java\javapath;C:\Program Files (x86)\Common Files\Intel\Shared Libraries\redist\intel64\compiler;C:\Windows\system32;C:\Windows;C:\Windows\System32\Wbem;C:\Windows\System32\WindowsPowerShell\v1.0\;C:\Windows\System32\OpenSSH\;C:\Program Files (x86)\NVIDIA Corporation\PhysX\Common;C:\Program Files\NVIDIA Corporation\NVIDIA NvDLISR;C:\WINDOWS\system32;C:\WINDOWS;C:\WINDOWS\System32\Wbem;C:\WINDOWS\System32\WindowsPowerShell\v1.0\;C:\WINDOWS\System32\OpenSSH\;D:\BracketAP\command;C:\Program Files\nodejs\;C:\Program Files\Git\cmd;C:\Program Files (x86)\Yarn\bin\;C:\Users\ADMIN\AppData\Local\Microsoft\WindowsApps;D:\Microsoft VS Code\bin;D:\intellij\IntelliJ IDEA 2020.2.2\bin;;C:\Users\ADMIN\AppData\Roaming\npm;C:\Users\ADMIN\AppData\Local\GitHubDesktop\bin;C:\Users\ADMIN\AppData\Local\Yarn\bin;." />
    <property name="libs.javaee-web-api-8.0.classpath" value="D:\Apache-NetBean\NetBeans-12.0\netbeans\enterprise\modules\ext\javaee-web-api-8.0.jar" />
    <property name="platform.active" value="default_platform" />
    <property name="libs.hamcrest.src" value="" />
    <property name="manifest.file" value="manifest.mf" />
    <property name="java.vendor" value="Oracle Corporation" />
    <property name="libs.groovy-all.src" value="" />
    <property name="libs.testng.javadoc" value="D:\Apache-NetBean\NetBeans-12.0\netbeans\platform\docs\testng-6.8.1-javadoc.zip" />
    <property name="meta.inf.dir" value="src/META-INF" />
    <property name="sun.io.unicode.encoding" value="UnicodeLittle" />
    <property name="compile.on.save" value="true" />
    <property name="libs.struts.javadoc" value="D:\Apache-NetBean\NetBeans-12.0\netbeans\enterprise\docs\struts-1.3.10-javadoc.zip" />
    <property name="libs.testng.maven-pom" value="" />
    <property name="org.openide.version" value="deprecated" />
    <property name="default.javac.source" value="14" />
    <property name="netbeans.dynamic.classpath" value="D:\Apache-NetBean\NetBeans-12.0\netbeans\platform\core\asm-7.2.jar;D:\Apache-NetBean\NetBeans-12.0\netbeans\platform\core\asm-commons-7.2.jar;D:\Apache-NetBean\NetBeans-12.0\netbeans\platform\core\asm-tree-7.2.jar;D:\Apache-NetBean\NetBeans-12.0\netbeans\platform\core\core-base.jar;D:\Apache-NetBean\NetBeans-12.0\netbeans\platform\core\core.jar;D:\Apache-NetBean\NetBeans-12.0\netbeans\platform\core\org-netbeans-libs-asm.jar;D:\Apache-NetBean\NetBeans-12.0\netbeans\platform\core\org-openide-filesystems-compat8.jar;D:\Apache-NetBean\NetBeans-12.0\netbeans\platform\core\org-openide-filesystems.jar;D:\Apache-NetBean\NetBeans-12.0\netbeans\nb\core\org-netbeans-upgrader.jar;D:\Apache-NetBean\NetBeans-12.0\netbeans\nb\core\locale\core_nb.jar" />
    <property name="test.includes" value="MemberCardTest.java" />
    <property name="libs.javaee-web-api-8.0.javadoc" value="D:\Apache-NetBean\NetBeans-12.0\netbeans\enterprise\docs\javaee-doc-api.jar" />
    <property name="run.classpath" value=":build/classes" />
    <property name="libs.jaxb.src" value="" />
    <property name="libs.eclipselinkmodelgen.classpath" value="D:\Apache-NetBean\NetBeans-12.0\netbeans\java\modules\ext\eclipselink\org.eclipse.persistence.jpa.modelgen.processor-2.5.2.jar" />
    <property name="sun.awt.enableExtraMouseButtons" value="true" />
    <property name="test.src.dir" value="test" />
    <property name="org.openide.major.version" value="IDE/1" />
    <property name="libs.spring-framework300.javadoc" value="" />
    <property name="netbeans.buildnumber" value="12.0-631bd69cd6112b1cc4c892c24e3e605b1ba04241" />
    <property name="ap.proc.none.internal" value="" />
    <property name="endorsed.classpath.cmd.line.arg" value="" />
    <property name="org.openide.specification.version" value="6.2" />
    <property name="user.timezone" value="Asia/Bangkok" />
    <property name="libs.jpa20-persistence.maven-pom" value="" />
    <property name="jar.index" value="false" />
    <property name="libs.jpa20-persistence.classpath" value="D:\Apache-NetBean\NetBeans-12.0\netbeans\java\modules\ext\eclipselink\javax.persistence-2.1.0.jar" />
    <property name="java.vm.specification.version" value="14" />
    <property name="os.name" value="Windows 10" />
    <property name="libs.junit_5.classpath" value="D:\Apache-NetBean\NetBeans-12.0\netbeans\platform\modules\ext\junit-jupiter-api-5.6.0.jar;D:\Apache-NetBean\NetBeans-12.0\netbeans\platform\modules\ext\junit-jupiter-params-5.6.0.jar;D:\Apache-NetBean\NetBeans-12.0\netbeans\platform\modules\ext\junit-jupiter-engine-5.6.0.jar" />
    <property name="build.sysclasspath" value="ignore" />
    <property name="libs.eclipselinkmodelgen.javadoc" value="" />
    <property name="libs.CopyLibs.maven-pom" value="" />
    <property name="javadoc.noindex" value="false" />
    <property name="jdkBug6558476" value="false" />
    <property name="javadoc.private" value="false" />
    <property name="libs.spring-webmvc4.0.maven-pom" value="" />
    <property name="javadoc.author" value="false" />
    <property name="http.nonProxyHosts" value="localhost|127.0.0.1|DESKTOP-H5KR5MS" />
    <property name="main.class" value="" />
    <property name="libs.JAXB-ENDORSED.maven-pom" value="" />
    <property name="libs.jsp-compilation-syscp.javadoc" value="" />
    <property name="user.home" value="C:\Users\ADMIN" />
    <property name="source.encoding" value="UTF-8" />
    <property name="libs.eclipselinkmodelgen.maven-pom" value="" />
    <property name="jar.compress" value="false" />
    <property name="have.sources" value="true" />
    <property name="libs.javaee-api-7.0.javadoc" value="D:\Apache-NetBean\NetBeans-12.0\netbeans\enterprise\docs\javaee-doc-api.jar" />
    <property name="annotation.processing.processors.list" value="" />
    <property name="javac.deprecation" value="false" />
    <property name="libs.spring-webmvc5.0.src" value="" />
    <property name="libs.jsf20.maven-pom" value="" />
    <property name="libs.restlib.classpath" value="D:\Apache-NetBean\NetBeans-12.0\netbeans\enterprise\modules\ext\jersey2\ext\asm-all-repackaged-2.2.0-b21.jar;D:\Apache-NetBean\NetBeans-12.0\netbeans\enterprise\modules\ext\jersey2\ext\cglib-2.2.0-b21.jar;D:\Apache-NetBean\NetBeans-12.0\netbeans\enterprise\modules\ext\jersey2\ext\guava-14.0.1.jar;D:\Apache-NetBean\NetBeans-12.0\netbeans\enterprise\modules\ext\jersey2\ext\hk2-api-2.2.0-b21.jar;D:\Apache-NetBean\NetBeans-12.0\netbeans\enterprise\modules\ext\jersey2\ext\hk2-locator-2.2.0-b21.jar;D:\Apache-NetBean\NetBeans-12.0\netbeans\enterprise\modules\ext\jersey2\ext\hk2-utils-2.2.0-b21.jar;D:\Apache-NetBean\NetBeans-12.0\netbeans\enterprise\modules\ext\jersey2\ext\javax.annotation-api-1.2.jar;D:\Apache-NetBean\NetBeans-12.0\netbeans\enterprise\modules\ext\jersey2\ext\javax.inject-2.2.0-b21.jar;D:\Apache-NetBean\NetBeans-12.0\netbeans\enterprise\modules\ext\jersey2\ext\javax.servlet-api-3.0.1.jar;D:\Apache-NetBean\NetBeans-12.0\netbeans\enterprise\modules\ext\jersey2\ext\jaxb-api-2.2.7.jar;D:\Apache-NetBean\NetBeans-12.0\netbeans\enterprise\modules\ext\jersey2\ext\jersey-entity-filtering-2.5.1.jar;D:\Apache-NetBean\NetBeans-12.0\netbeans\enterprise\modules\ext\jersey2\ext\jersey-media-moxy-2.5.1.jar;D:\Apache-NetBean\NetBeans-12.0\netbeans\enterprise\modules\ext\jersey2\ext\org.osgi.core-4.2.0.jar;D:\Apache-NetBean\NetBeans-12.0\netbeans\enterprise\modules\ext\jersey2\ext\osgi-resource-locator-1.0.1.jar;D:\Apache-NetBean\NetBeans-12.0\netbeans\enterprise\modules\ext\jersey2\ext\persistence-api-1.0.jar;D:\Apache-NetBean\NetBeans-12.0\netbeans\enterprise\modules\ext\jersey2\ext\validation-api-1.1.0.Final.jar;D:\Apache-NetBean\NetBeans-12.0\netbeans\enterprise\modules\ext\jersey2\jersey-client.jar;D:\Apache-NetBean\NetBeans-12.0\netbeans\enterprise\modules\ext\jersey2\jersey-common.jar;D:\Apache-NetBean\NetBeans-12.0\netbeans\enterprise\modules\ext\jersey2\jersey-container-servlet.jar;D:\Apache-NetBean\NetBeans-12.0\netbeans\enterprise\modules\ext\jersey2\jersey-container-servlet-core.jar;D:\Apache-NetBean\NetBeans-12.0\netbeans\enterprise\modules\ext\jersey2\jersey-server.jar;D:\Apache-NetBean\NetBeans-12.0\netbeans\java\modules\ext\eclipselink\org.eclipse.persistence.core-2.5.2.jar;D:\Apache-NetBean\NetBeans-12.0\netbeans\java\modules\ext\eclipselink\org.eclipse.persistence.asm-2.5.2.jar;D:\Apache-NetBean\NetBeans-12.0\netbeans\java\modules\ext\eclipselink\org.eclipse.persistence.antlr-2.5.2.jar;D:\Apache-NetBean\NetBeans-12.0\netbeans\java\modules\ext\eclipselink\org.eclipse.persistence.jpa-2.5.2.jar;D:\Apache-NetBean\NetBeans-12.0\netbeans\java\modules\ext\eclipselink\org.eclipse.persistence.jpa.jpql-2.5.2.jar" />
    <property name="build.generated.sources.dir" value="build/generated-sources" />
    <property name="apple.awt.graphics.UseQuartz" value="true" />
    <property name="plugin.manager.check.updates" value="false" />
    <property name="run.jvmargs" value="" />
    <property name="libs.primefaces.src" value="" />
    <property name="netbeans.autoupdate.language" value="en" />
    <property name="libs.eclipselinkmodelgen.src" value="" />
    <property name="build.compiler.emacs" value="true" />
    <property name="build.classes.excludes" value="**/*.java,**/*.form" />
    <property name="dist.jar" value="dist/MemberCardProject.jar" />
    <property name="ant.file" value="C:\Users\ADMIN\Desktop\LabTest\MemberCard\MemberCardProject\build.xml" />
    <property name="libs.struts.src" value="" />
    <property name="libs.spring-webmvc4.0.classpath" value="D:\Apache-NetBean\NetBeans-12.0\netbeans\java\modules\ext\spring-4\spring-webmvc-4.3.25.RELEASE.jar" />
    <property name="path.separator" value=";" />
    <property name="libs.javaee-endorsed-api-7.0.javadoc" value="D:\Apache-NetBean\NetBeans-12.0\netbeans\enterprise\docs\javaee-doc-api.jar" />
    <property name="libs.JAXB-ENDORSED.classpath" value="D:\Apache-NetBean\NetBeans-12.0\netbeans\ide\modules\ext\jaxb\api\jaxb-api.jar" />
    <property name="os.version" value="10.0" />
    <property name="libs.restlib.src" value="" />
    <property name="netbeans.home" value="D:\Apache-NetBean\NetBeans-12.0\netbeans\platform" />
    <property name="libs.CopyLibs.javadoc" value="" />
    <property name="debug-transport-by-os" value="dt_shmem" />
    <property name="build.test.results.dir" value="build/test/results" />
    <property name="libs.javaee-api-8.0.javadoc" value="D:\Apache-NetBean\NetBeans-12.0\netbeans\enterprise\docs\javaee-doc-api.jar" />
    <property name="libs.jsf20.src" value="" />
    <property name="libs.jaxws21.javadoc" value="D:\Apache-NetBean\NetBeans-12.0\netbeans\java\docs\jaxws-api-doc.zip" />
    <property name="libs.spring-framework400.maven-pom" value="" />
    <property name="ap.processors.internal" value="" />
    <property name="java.vm.name" value="Java HotSpot(TM) 64-Bit Server VM" />
    <property name="libs.jstl.javadoc" value="D:\Apache-NetBean\NetBeans-12.0\netbeans\enterprise\docs\javaee-doc-api.jar" />
    <property name="libs.javaee-endorsed-api-7.0.maven-pom" value="" />
    <property name="libs.spring-webmvc5.0.javadoc" value="" />
    <property name="libs.jsf12.classpath" value="D:\Apache-NetBean\NetBeans-12.0\netbeans\enterprise\modules\ext\jsf-1_2\jsf-api.jar;D:\Apache-NetBean\NetBeans-12.0\netbeans\enterprise\modules\ext\jsf-1_2\jsf-impl.jar" />
    <property name="libs.jaxws21.classpath" value="D:\Apache-NetBean\NetBeans-12.0\netbeans\ide\modules\ext\jaxb\jaxb-impl.jar;D:\Apache-NetBean\NetBeans-12.0\netbeans\ide\modules\ext\jaxb\jaxb-xjc.jar;D:\Apache-NetBean\NetBeans-12.0\netbeans\java\modules\ext\jaxws22\FastInfoset.jar;D:\Apache-NetBean\NetBeans-12.0\netbeans\java\modules\ext\jaxws22\gmbal-api-only.jar;D:\Apache-NetBean\NetBeans-12.0\netbeans\java\modules\ext\jaxws22\ha-api.jar;D:\Apache-NetBean\NetBeans-12.0\netbeans\java\modules\ext\jaxws22\javax.mail_1.4.jar;D:\Apache-NetBean\NetBeans-12.0\netbeans\java\modules\ext\jaxws22\jaxws-rt.jar;D:\Apache-NetBean\NetBeans-12.0\netbeans\java\modules\ext\jaxws22\jaxws-tools.jar;D:\Apache-NetBean\NetBeans-12.0\netbeans\java\modules\ext\jaxws22\management-api.jar;D:\Apache-NetBean\NetBeans-12.0\netbeans\java\modules\ext\jaxws22\mimepull.jar;D:\Apache-NetBean\NetBeans-12.0\netbeans\java\modules\ext\jaxws22\policy.jar;D:\Apache-NetBean\NetBeans-12.0\netbeans\java\modules\ext\jaxws22\saaj-impl.jar;D:\Apache-NetBean\NetBeans-12.0\netbeans\java\modules\ext\jaxws22\stax-ex.jar;D:\Apache-NetBean\NetBeans-12.0\netbeans\java\modules\ext\jaxws22\stax2-api.jar;D:\Apache-NetBean\NetBeans-12.0\netbeans\java\modules\ext\jaxws22\streambuffer.jar;D:\Apache-NetBean\NetBeans-12.0\netbeans\java\modules\ext\jaxws22\woodstox-core-asl.jar;D:\Apache-NetBean\NetBeans-12.0\netbeans\java\modules\ext\jaxws22\api\jaxws-api.jar;D:\Apache-NetBean\NetBeans-12.0\netbeans\java\modules\ext\jaxws22\api\jsr181-api.jar;D:\Apache-NetBean\NetBeans-12.0\netbeans\java\modules\ext\jaxws22\api\javax.annotation.jar;D:\Apache-NetBean\NetBeans-12.0\netbeans\java\modules\ext\jaxws22\api\saaj-api.jar;D:\Apache-NetBean\NetBeans-12.0\netbeans\ide\modules\ext\jaxb\activation.jar;D:\Apache-NetBean\NetBeans-12.0\netbeans\ide\modules\ext\jaxb\api\jaxb-api.jar" />
    <property name="libs.restapi.classpath" value="D:\Apache-NetBean\NetBeans-12.0\netbeans\enterprise\modules\ext\jaxrs-2.0\javax.ws.rs-api-2.0.jar" />
    <property name="os.arch" value="amd64" />
    <property name="libs.hamcrest.javadoc" value="" />
    <property name="libs.spring-framework400.javadoc" value="" />
    <property name="build.generated.dir" value="build/generated" />
    <property name="libs.javac-api.src" value="" />
    <property name="libs.groovy-all.javadoc" value="" />
    <property name="libs.javaee-web-api-7.0.javadoc" value="D:\Apache-NetBean\NetBeans-12.0\netbeans\enterprise\docs\javaee-doc-api.jar" />
    <property name="java.vm.info" value="mixed mode, sharing" />
    <property name="libs.primefaces.classpath" value="D:\Apache-NetBean\NetBeans-12.0\netbeans\enterprise\modules\ext\primefaces\primefaces-5.0.jar" />
    <property name="libs.jaxws21.maven-pom" value="" />
    <property name="run.test.classpath" value=":build/classes:D:\Apache-NetBean\NetBeans-12.0\netbeans\platform\modules\ext\junit-4.12.jar:D:\Apache-NetBean\NetBeans-12.0\netbeans\platform\modules\ext\hamcrest-core-1.3.jar:build/test/classes" />
    <property name="libs.jsf12.maven-pom" value="" />
    <property name="libs.javaee-endorsed-api-7.0.classpath" value="D:\Apache-NetBean\NetBeans-12.0\netbeans\enterprise\modules\ext\javaee7-endorsed\javax.annotation-api.jar;D:\Apache-NetBean\NetBeans-12.0\netbeans\enterprise\modules\ext\javaee7-endorsed\javax.xml.soap-api.jar;D:\Apache-NetBean\NetBeans-12.0\netbeans\enterprise\modules\ext\javaee7-endorsed\jaxb-api-osgi.jar;D:\Apache-NetBean\NetBeans-12.0\netbeans\enterprise\modules\ext\javaee7-endorsed\jaxws-api.jar;D:\Apache-NetBean\NetBeans-12.0\netbeans\enterprise\modules\ext\javaee7-endorsed\jsr181-api.jar" />
    <property name="java.class.version" value="58.0" />
    <property name="javadoc.encoding.used" value="UTF-8" />
    <property name="src.dir" value="src" />
    <property name="org.netbeans.io.suspend" value="0" />
    <property name="libs.primefaces.maven-pom" value="" />
    <property name="debug.classpath" value=":build/classes" />
    <property name="ant.project.default-target" value="default" />
    <property name="excludes" value="" />
    <property name="libs.javaee-api-7.0.src" value="" />
    <property name="ant.project.name" value="MemberCardProject" />
    <property name="dist.javadoc.dir" value="dist/javadoc" />
    <property name="libs.junit_4.javadoc" value="D:\Apache-NetBean\NetBeans-12.0\netbeans\platform\docs\junit-4.12-javadoc.jar" />
    <property name="run.test.jvmargs" value="" />
    <property name="sun.jnu.encoding" value="MS874" />
    <property name="default.javac.target" value="14" />
    <property name="libs.spring-webmvc4.0.src" value="" />
    <property name="javac.fork" value="true" />
    <property name="libs.eclipselink.classpath" value="D:\Apache-NetBean\NetBeans-12.0\netbeans\java\modules\ext\eclipselink\org.eclipse.persistence.core-2.5.2.jar;D:\Apache-NetBean\NetBeans-12.0\netbeans\java\modules\ext\eclipselink\org.eclipse.persistence.asm-2.5.2.jar;D:\Apache-NetBean\NetBeans-12.0\netbeans\java\modules\ext\eclipselink\org.eclipse.persistence.antlr-2.5.2.jar;D:\Apache-NetBean\NetBeans-12.0\netbeans\java\modules\ext\eclipselink\org.eclipse.persistence.jpa-2.5.2.jar;D:\Apache-NetBean\NetBeans-12.0\netbeans\java\modules\ext\eclipselink\org.eclipse.persistence.jpa.jpql-2.5.2.jar;D:\Apache-NetBean\NetBeans-12.0\netbeans\java\modules\ext\eclipselink\javax.persistence-2.1.0.jar" />
    <property name="sun.java2d.dpiaware" value="true" />
    <property name="ant.file.type.MemberCardProject" value="file" />
    <property name="libs.javac-api.classpath" value="" />
    <property name="libs.jsf20.javadoc" value="D:\Apache-NetBean\NetBeans-12.0\netbeans\enterprise\docs\javaee-doc-api.jar" />
    <property name="libs.struts.classpath" value="D:\Apache-NetBean\NetBeans-12.0\netbeans\enterprise\modules\ext\struts\antlr-2.7.2.jar;D:\Apache-NetBean\NetBeans-12.0\netbeans\enterprise\modules\ext\struts\bsf-2.3.0.jar;D:\Apache-NetBean\NetBeans-12.0\netbeans\enterprise\modules\ext\struts\commons-beanutils-1.8.0.jar;D:\Apache-NetBean\NetBeans-12.0\netbeans\enterprise\modules\ext\struts\commons-chain-1.2.jar;D:\Apache-NetBean\NetBeans-12.0\netbeans\enterprise\modules\ext\struts\commons-digester-1.8.jar;D:\Apache-NetBean\NetBeans-12.0\netbeans\enterprise\modules\ext\struts\commons-fileupload-1.1.1.jar;D:\Apache-NetBean\NetBeans-12.0\netbeans\enterprise\modules\ext\struts\commons-io-1.1.jar;D:\Apache-NetBean\NetBeans-12.0\netbeans\enterprise\modules\ext\struts\commons-logging-1.0.4.jar;D:\Apache-NetBean\NetBeans-12.0\netbeans\enterprise\modules\ext\struts\commons-validator-1.3.1.jar;D:\Apache-NetBean\NetBeans-12.0\netbeans\enterprise\modules\ext\struts\jstl-1.0.2.jar;D:\Apache-NetBean\NetBeans-12.0\netbeans\enterprise\modules\ext\struts\oro-2.0.8.jar;D:\Apache-NetBean\NetBeans-12.0\netbeans\enterprise\modules\ext\struts\standard-1.0.6.jar;D:\Apache-NetBean\NetBeans-12.0\netbeans\enterprise\modules\ext\struts\struts-core-1.3.10.jar;D:\Apache-NetBean\NetBeans-12.0\netbeans\enterprise\modules\ext\struts\struts-el-1.3.10.jar;D:\Apache-NetBean\NetBeans-12.0\netbeans\enterprise\modules\ext\struts\struts-extras-1.3.10.jar;D:\Apache-NetBean\NetBeans-12.0\netbeans\enterprise\modules\ext\struts\struts-faces-1.3.10.jar;D:\Apache-NetBean\NetBeans-12.0\netbeans\enterprise\modules\ext\struts\struts-mailreader-dao-1.3.10.jar;D:\Apache-NetBean\NetBeans-12.0\netbeans\enterprise\modules\ext\struts\struts-scripting-1.3.10.jar;D:\Apache-NetBean\NetBeans-12.0\netbeans\enterprise\modules\ext\struts\struts-taglib-1.3.10.jar;D:\Apache-NetBean\NetBeans-12.0\netbeans\enterprise\modules\ext\struts\struts-tiles-1.3.10.jar" />
    <property name="netbeans.importclass" value="org.netbeans.upgrade.AutoUpgrade" />
    <property name="libs.PostgreSQLDriver.maven-pom" value="" />
    <property name="libs.absolutelayout.src" value="" />
    <property name="netbeans.autoupdate.version" value="1.23" />
    <property name="empty.dir" value="C:\Users\ADMIN\Desktop\LabTest\MemberCard\MemberCardProject\build\empty" />
    <property name="testng.mode" value="testng" />
    <property name="annotation.processing.enabled.in.editor" value="false" />
    <property name="netbeans.user" value="C:\Users\ADMIN\AppData\Roaming\NetBeans\12.0" />
    <property name="javac.includes.binary" value="C:\Users\ADMIN\Desktop\LabTest\MemberCard\MemberCardProject\build\test\classes\MemberCardTest.class" />
    <property name="file.separator" value="\" />
    <property name="java.vm.compressedOopsMode" value="Zero based" />
    <property name="line.separator" value="&#xd;&#xa;" />
    <property name="javadoc.additionalparam" value="" />
    <property name="libs.spring-webmvc5.0.classpath" value="D:\Apache-NetBean\NetBeans-12.0\netbeans\java\modules\ext\spring-5\spring-webmvc-5.2.2.RELEASE.jar" />
    <property name="netbeans.productversion" value="Apache NetBeans IDE 12.0" />
    <property name="javac.debug" value="true" />
    <property name="libs.restlib.maven-pom" value="" />
    <property name="libs.testng.classpath" value="D:\Apache-NetBean\NetBeans-12.0\netbeans\platform\modules\ext\testng-6.8.1-dist.jar" />
    <property name="mkdist.disabled" value="false" />
    <property name="libs.jsp-compiler.src" value="" />
    <property name="user.name" value="ADMIN" />
    <property name="libs.javaee-web-api-6.0.javadoc" value="D:\Apache-NetBean\NetBeans-12.0\netbeans\enterprise\docs\javaee-doc-api.jar" />
    <property name="build.classes.dir" value="build/classes" />
    <property name="libs.maven-dependencies.javadoc" value="D:\Apache-NetBean\NetBeans-12.0\netbeans\enterprise\docs\javaee-doc-api.jar" />
    <property name="javadoc.windowtitle" value="" />
    <property name="nb.junit.single" value="false" />
    <property name="nb.internal.action.name" value="run.single" />
    <property name="libs.groovy-all.classpath" value="D:\Apache-NetBean\NetBeans-12.0\netbeans\groovy\modules\ext\groovy.jar;D:\Apache-NetBean\NetBeans-12.0\netbeans\groovy\modules\ext\groovy-ant.jar" />
    <property name="libs.javaee-api-7.0.maven-pom" value="" />
    <property name="libs.javaee-api-8.0.maven-pom" value="" />
    <property name="libs.absolutelayout.javadoc" value="" />
    <property name="libs.jaxws21.src" value="" />
    <property name="libs.jaxb.maven-pom" value="" />
    <property name="annotation.processing.processor.options" value="" />
    <property name="libs.maven-dependencies.classpath" value="D:\Apache-NetBean\NetBeans-12.0\netbeans\enterprise\modules\ext\javaee6-endorsed\javax.annotation.jar;D:\Apache-NetBean\NetBeans-12.0\netbeans\enterprise\modules\ext\javaee6-endorsed\jaxb-api-osgi.jar;D:\Apache-NetBean\NetBeans-12.0\netbeans\enterprise\modules\ext\javaee6-endorsed\webservices-api-osgi.jar" />
    <property name="libs.javaee-api-6.0.maven-pom" value="" />
    <property name="dist.dir" value="dist" />
    <property name="jna.loaded" value="true" />
    <property name="build.dir" value="build" />
    <property name="netbeans.autoupdate.variant" value="" />
    <property name="libs.junit_5.maven-pom" value="" />
    <property name="libs.jpa20-persistence.javadoc" value="D:\Apache-NetBean\NetBeans-12.0\netbeans\java\modules\ext\docs\javax.persistence-2.1.0-doc.zip" />
    <property name="javadoc.version" value="false" />
    <property name="libs.metro.classpath" value="D:\Apache-NetBean\NetBeans-12.0\netbeans\ide\modules\ext\jaxb\activation.jar;D:\Apache-NetBean\NetBeans-12.0\netbeans\enterprise\modules\ext\metro\webservices-api.jar;D:\Apache-NetBean\NetBeans-12.0\netbeans\enterprise\modules\ext\metro\webservices-extra-api.jar;D:\Apache-NetBean\NetBeans-12.0\netbeans\enterprise\modules\ext\metro\webservices-extra.jar;D:\Apache-NetBean\NetBeans-12.0\netbeans\enterprise\modules\ext\metro\webservices-rt.jar;D:\Apache-NetBean\NetBeans-12.0\netbeans\enterprise\modules\ext\metro\webservices-tools.jar" />
    <property name="libs.metro.src" value="" />
    <property name="ant.junit.enabletestlistenerevents" value="true" />
    <property name="ant.file.type.MemberCardProject-impl" value="file" />
    <property name="libs.JWSAntTasks.src" value="" />
    <property name="ant.home" value="D:\Apache-NetBean\NetBeans-12.0\netbeans\extide\ant" />
    <property name="libs.CopyLibs.classpath" value="D:\Apache-NetBean\NetBeans-12.0\netbeans\java\ant\extra\org-netbeans-modules-java-j2seproject-copylibstask.jar" />
    <property name="libs.spring-webmvc3.0.src" value="" />
    <property name="debug.test.classpath" value=":build/classes:D:\Apache-NetBean\NetBeans-12.0\netbeans\platform\modules\ext\junit-4.12.jar:D:\Apache-NetBean\NetBeans-12.0\netbeans\platform\modules\ext\hamcrest-core-1.3.jar:build/test/classes" />
    <property name="sun.os.patch.level" value="" />
    <property name="javac.external.vm" value="true" />
    <property name="have.tests" value="true" />
    <property name="testng.debug.mode" value="" />
    <property name="javac.target" value="1.8" />
    <property name="ant.version" value="Apache Ant(TM) version 1.10.4 compiled on June 19 2018" />
    <property name="libs.absolutelayout.maven-pom" value="" />
    <property name="jdk.gtk.version" value="2.2" />
    <property name="javac.test.processorpath" value=":build/classes:D:\Apache-NetBean\NetBeans-12.0\netbeans\platform\modules\ext\junit-4.12.jar:D:\Apache-NetBean\NetBeans-12.0\netbeans\platform\modules\ext\hamcrest-core-1.3.jar" />
    <property name="libs.javaee-web-api-7.0.maven-pom" value="" />
    <property name="java.failonerror" value="true" />
    <property name="libs.javaee-web-api-8.0.maven-pom" value="" />
    <property name="netbeans.dirs" value="D:\Apache-NetBean\NetBeans-12.0\netbeans\nb;D:\Apache-NetBean\NetBeans-12.0\netbeans\ergonomics;D:\Apache-NetBean\NetBeans-12.0\netbeans\ide;D:\Apache-NetBean\NetBeans-12.0\netbeans\extide;D:\Apache-NetBean\NetBeans-12.0\netbeans\java;D:\Apache-NetBean\NetBeans-12.0\netbeans\apisupport;D:\Apache-NetBean\NetBeans-12.0\netbeans\webcommon;D:\Apache-NetBean\NetBeans-12.0\netbeans\websvccommon;D:\Apache-NetBean\NetBeans-12.0\netbeans\enterprise;D:\Apache-NetBean\NetBeans-12.0\netbeans\mobility;D:\Apache-NetBean\NetBeans-12.0\netbeans\profiler;D:\Apache-NetBean\NetBeans-12.0\netbeans\python;D:\Apache-NetBean\NetBeans-12.0\netbeans\php;D:\Apache-NetBean\NetBeans-12.0\netbeans\identity;D:\Apache-NetBean\NetBeans-12.0\netbeans\harness;D:\Apache-NetBean\NetBeans-12.0\netbeans\cnd;D:\Apache-NetBean\NetBeans-12.0\netbeans\cndext;D:\Apache-NetBean\NetBeans-12.0\netbeans\dlight;D:\Apache-NetBean\NetBeans-12.0\netbeans\groovy;D:\Apache-NetBean\NetBeans-12.0\netbeans\extra;D:\Apache-NetBean\NetBeans-12.0\netbeans\javacard;D:\Apache-NetBean\NetBeans-12.0\netbeans\javafx" />
    <property name="javac.modulepath" value="" />
    <property name="libs.spring-framework500.src" value="" />
    <property name="user.properties.file" value="C:\Users\ADMIN\AppData\Roaming\NetBeans\12.0\build.properties" />
    <property name="libs.javaee-api-6.0.src" value="" />
    <property name="javac.includes" value="MemberCardTest.java" />
    <property name="libs.hamcrest.maven-pom" value="" />
    <property name="netbeans.autoupdate.country" value="GB" />
    <property name="javac.processorpath" value="" />
    <property name="java.class.path" value="C:\Users\ADMIN\Desktop\LabTest\MemberCard\MemberCardProject\build\classes;D:\Apache-NetBean\NetBeans-12.0\netbeans\platform\modules\ext\junit-4.12.jar;D:\Apache-NetBean\NetBeans-12.0\netbeans\platform\modules\ext\hamcrest-core-1.3.jar;C:\Users\ADMIN\Desktop\LabTest\MemberCard\MemberCardProject\build\test\classes;D:\Apache-NetBean\NetBeans-12.0\netbeans\extide\ant\lib\ant-launcher.jar;D:\Apache-NetBean\NetBeans-12.0\netbeans\extide\ant\lib\ant.jar;D:\Apache-NetBean\NetBeans-12.0\netbeans\extide\ant\lib\ant-junit.jar;D:\Apache-NetBean\NetBeans-12.0\netbeans\extide\ant\lib\ant-junit4.jar" />
    <property name="libs.javaee-web-api-6.0.maven-pom" value="" />
    <property name="libs.javaee-api-6.0.javadoc" value="D:\Apache-NetBean\NetBeans-12.0\netbeans\enterprise\docs\javaee-doc-api.jar" />
    <property name="libs.JWSAntTasks.maven-pom" value="" />
    <property name="java.vm.vendor" value="Oracle Corporation" />
    <property name="ap.supported.internal" value="true" />
    <property name="user.variant" value="" />
    <property name="netbeans.home+have.tests" value="true" />
    <property name="run.modulepath" value="" />
    <property name="test.binaryexcludes" value="" />
    <property name="do.archive+manifest.available" value="true" />
    <property name="javac.compilerargs" value="" />
    <property name="apple.laf.useScreenMenuBar" value="true" />
    <property name="libs.jstl.maven-pom" value="" />
    <property name="user.country" value="GB" />
    <property name="sun.java.launcher" value="SUN_STANDARD" />
    <property name="libs.restapi.javadoc" value="" />
    <property name="libs.jpa20-persistence.src" value="" />
    <property name="javac.test.sourcepath" value="C:\Users\ADMIN\Desktop\LabTest\MemberCard\MemberCardProject\build\empty" />
    <property name="sun.cpu.endian" value="little" />
    <property name="libs.spring-webmvc3.0.maven-pom" value="" />
    <property name="libs.junit_4.src" value="D:\Apache-NetBean\NetBeans-12.0\netbeans\platform\docs\junit-4.12-sources.jar" />
    <property name="user.language" value="en" />
    <property name="copylibs.rebase" value="true" />
    <property name="libs.javaee-web-api-6.0.src" value="" />
    <property name="maven.defaultProjectBuilder.disableGlobalModelCache" value="true" />
    <property name="includes" value="**" />
    <property name="javadoc.nonavbar" value="false" />
    <property name="libs.javaee-api-8.0.src" value="" />
    <property name="ant.java.version" value="14" />
    <property name="libs.junit_4.classpath" value="D:\Apache-NetBean\NetBeans-12.0\netbeans\platform\modules\ext\junit-4.12.jar" />
    <property name="libs.jsf12.javadoc" value="D:\Apache-NetBean\NetBeans-12.0\netbeans\enterprise\docs\javaee-doc-api.jar" />
    <property name="libs.hamcrest.classpath" value="D:\Apache-NetBean\NetBeans-12.0\netbeans\platform\modules\ext\hamcrest-core-1.3.jar" />
    <property name="javadoc.splitindex" value="true" />
    <property name="libs.JWSAntTasks.classpath" value="D:\Apache-NetBean\NetBeans-12.0\netbeans\java\ant\extra\org-netbeans-modules-javawebstart-anttasks.jar" />
    <property name="test.binarytestincludes" value="" />
    <property name="junit.available" value="true" />
    <property name="sun.awt.keepWorkingSetOnMinimize" value="true" />
    <property name="javac.processormodulepath" value="" />
    <property name="libs.spring-webmvc5.0.maven-pom" value="" />
    <property name="libs.junit_4.maven-pom" value="" />
    <property name="runtime.encoding" value="UTF-8" />
    <property name="libs.jsp-compiler.maven-pom" value="" />
    <property name="javadoc.encoding" value="UTF-8" />
    <property name="javac.classpath" value="" />
    <property name="libs.jstl.src" value="" />
    <property name="libs.jsp-compilation-syscp.maven-pom" value="" />
    <property name="netbeans.hash.code" value="unique=NB_EXTIDE_JAVA_PHP_WEBCOMMON_WEBEE0209dc713-297c-4edf-adab-65240e35bfd8_df1be19a-141e-4aba-8087-c6bdc457464e" />
    <property name="nb.junit.batch" value="true" />
    <property name="libs.spring-webmvc3.0.classpath" value="" />
    <property name="build.test.classes.dir" value="build/test/classes" />
    <property name="java.runtime.name" value="Java(TM) SE Runtime Environment" />
    <property name="manifest.available" value="true" />
    <property name="libs.jaxb.javadoc" value="D:\Apache-NetBean\NetBeans-12.0\netbeans\ide\docs\jaxb-api-doc.jar" />
    <property name="libs.spring-framework500.maven-pom" value="" />
    <property name="libs.spring-framework300.maven-pom" value="" />
    <property name="ant.project.invoked-targets" value="test-single" />
    <property name="run.jvmargs.ide" value="" />
    <property name="libs.jstl.classpath" value="D:\Apache-NetBean\NetBeans-12.0\netbeans\enterprise\modules\ext\jstl-impl.jar;D:\Apache-NetBean\NetBeans-12.0\netbeans\enterprise\modules\ext\jstl-api.jar" />
    <property name="ap.cmd.line.internal" value="" />
    <property name="ant.file.MemberCardProject" value="C:\Users\ADMIN\Desktop\LabTest\MemberCard\MemberCardProject\build.xml" />
    <property name="libs.PostgreSQLDriver.src" value="" />
    <property name="ant.core.lib" value="D:\Apache-NetBean\NetBeans-12.0\netbeans\extide\ant\lib\ant.jar" />
    <property name="java.vendor.url.bug" value="https://bugreport.java.com/bugreport/" />
    <property name="annotation.processing.source.output" value="build/generated-sources/ap-source-output" />
    <property name="libs.jsp-compilation.maven-pom" value="" />
    <property name="javac.profile.cmd.line.arg" value="" />
    <property name="user.dir" value="C:\Users\ADMIN\Desktop\LabTest\MemberCard\MemberCardProject" />
    <property name="platform.java" value="D:\JAVA 8.2/bin/java" />
    <property name="application.args" value="" />
    <property name="javac.test.modulepath" value="" />
    <property name="org.xml.sax.driver" value="com.sun.org.apache.xerces.internal.jaxp.SAXParserImpl$JAXPSAXParser" />
    <property name="libs.PostgreSQLDriver.javadoc" value="" />
    <property name="libs.eclipselink.src" value="" />
    <property name="libs.jsp-compilation-syscp.classpath" value="D:\Apache-NetBean\NetBeans-12.0\netbeans\extide\ant\lib\ant.jar;D:\Apache-NetBean\NetBeans-12.0\netbeans\enterprise\modules\ext\servlet3.1-jsp2.3-api.jar;D:\Apache-NetBean\NetBeans-12.0\netbeans\enterprise\modules\ext\glassfish-jspparser-4.0.jar;D:\Apache-NetBean\NetBeans-12.0\netbeans\enterprise\modules\ext\jstl-impl.jar;D:\Apache-NetBean\NetBeans-12.0\netbeans\enterprise\modules\ext\jsf-2_2\javax.faces.jar" />
    <property name="libs.jsp-compilation.classpath" value="D:\Apache-NetBean\NetBeans-12.0\netbeans\extide\ant\lib\ant.jar;D:\Apache-NetBean\NetBeans-12.0\netbeans\enterprise\modules\ext\servlet3.1-jsp2.3-api.jar;D:\Apache-NetBean\NetBeans-12.0\netbeans\enterprise\modules\ext\glassfish-jspparser-4.0.jar;D:\Apache-NetBean\NetBeans-12.0\netbeans\enterprise\modules\ext\jsf-2_2\javax.faces.jar;D:\Apache-NetBean\NetBeans-12.0\netbeans\enterprise\modules\ext\jstl-api.jar;D:\Apache-NetBean\NetBeans-12.0\netbeans\extide\ant\lib\ant-launcher.jar" />
    <property name="java.vm.version" value="14.0.2+12-46" />
    <property name="libs.metro.javadoc" value="D:\Apache-NetBean\NetBeans-12.0\netbeans\enterprise\docs\webservices-api-javadoc.jar;D:\Apache-NetBean\NetBeans-12.0\netbeans\enterprise\docs\webservices-extra-javadoc.jar;D:\Apache-NetBean\NetBeans-12.0\netbeans\enterprise\docs\webservices-extra-api-javadoc.jar;D:\Apache-NetBean\NetBeans-12.0\netbeans\enterprise\docs\webservices-rt-javadoc.jar;D:\Apache-NetBean\NetBeans-12.0\netbeans\enterprise\docs\webservices-tools-javadoc.jar" />
    <property name="sun.awt.datatransfer.timeout" value="1000" />
    <property name="test.class" value="MemberCardTest" />
    <property name="libs.javaee-web-api-7.0.src" value="" />
    <property name="annotation.processing.run.all.processors" value="true" />
    <property name="libs.jsp-compiler.classpath" value="D:\Apache-NetBean\NetBeans-12.0\netbeans\enterprise\ant\extra\jspcompile.jar" />
    <property name="junit.forkmode" value="perTest" />
  </properties>
  <testcase classname="MemberCardTest" name="nextRedeem" time="0.001" />
  <testcase classname="MemberCardTest" name="firstRedeem" time="0.0" />
  <testcase classname="MemberCardTest" name="nextCanNotRedeemOverRemainingPoints" time="0.0" />
  <testcase classname="MemberCardTest" name="createObjectWithInitalIdCardtoMemberId" time="0.0" />
  <testcase classname="MemberCardTest" name="nextOrder50000BahtAddToPurchaseOrderAndAdd2000Points" time="0.0" />
  <testcase classname="MemberCardTest" name="firstOrderLessThan25BahtAddToPurchaseOrderOnly" time="0.0" />
  <testcase classname="MemberCardTest" name="firstOrderEqualTo25BahtAddToPurchaseOrderAndAdd1Point" time="0.001" />
  <system-out><![CDATA[]]></system-out>
  <system-err><![CDATA[]]></system-err>
</testsuite>
